<?xml version="1.0" encoding="UTF-8"?>
<!-- Generated by org.testng.reporters.JUnitReportReporter -->
<testsuite hostname="DESKTOP-Q2V9843" failures="0" tests="1" name="com.basics.GesturesScroll" time="20.687" errors="0" timestamp="2024-11-30T19:24:56 CST" skipped="0">
  <testcase classname="com.basics.GesturesScroll" name="LongPressTest" time="20.687"/>
  <system-out/>
</testsuite> <!-- com.basics.GesturesScroll -->
