<?xml version="1.0" encoding="UTF-8"?>
<!-- Generated by org.testng.reporters.JUnitReportReporter -->
<testsuite hostname="DESKTOP-Q2V9843" failures="0" tests="1" name="com.function.tests.AddToCart" time="68.339" errors="0" timestamp="2025-04-01T02:08:28 CDT" skipped="0">
  <testcase classname="com.function.tests.AddToCart" name="checkIfShoeTypePresent" time="68.339"/>
  <system-out/>
</testsuite> <!-- com.function.tests.AddToCart -->
