<?xml version="1.0" encoding="UTF-8"?>
<!-- Generated by org.testng.reporters.JUnitReportReporter -->
<testsuite hostname="DESKTOP-Q2V9843" failures="0" tests="1" name="com.basics.AppiumBasics" time="22.086" errors="0" timestamp="2024-11-30T13:40:47 CST" skipped="0">
  <testcase classname="com.basics.AppiumBasics" name="AppiumTest" time="22.086"/>
  <system-out/>
</testsuite> <!-- com.basics.AppiumBasics -->
