<?xml version="1.0" encoding="UTF-8"?>
<!-- Generated by org.testng.reporters.JUnitReportReporter -->
<testsuite hostname="DESKTOP-Q2V9843" failures="0" tests="1" name="com.basics.Swipe" time="28.298" errors="0" timestamp="2024-12-01T13:44:32 CST" skipped="0">
  <testcase classname="com.basics.Swipe" name="LongPressTest" time="28.298"/>
  <system-out/>
</testsuite> <!-- com.basics.Swipe -->
