<?xml version="1.0" encoding="UTF-8"?>
<!-- Generated by org.testng.reporters.JUnitReportReporter -->
<testsuite hostname="DESKTOP-Q2V9843" failures="0" tests="1" name="com.basics.Gestures" time="22.435" errors="0" timestamp="2024-11-30T17:57:58 CST" skipped="0">
  <testcase classname="com.basics.Gestures" name="LongPressTest" time="22.435"/>
  <system-out/>
</testsuite> <!-- com.basics.Gestures -->
